[0m19:01:01.932874 [debug] [MainThread]: Sending event: {'category': 'dbt', 'action': 'invocation', 'label': 'start', 'context': [<snowplow_tracker.self_describing_json.SelfDescribingJson object at 0x0000024611A52FE0>, <snowplow_tracker.self_describing_json.SelfDescribingJson object at 0x0000024614447130>, <snowplow_tracker.self_describing_json.SelfDescribingJson object at 0x00000246143FDD80>]}


============================== 19:01:01.939130 | 2785de5c-6cdc-4e1d-8f8e-43b6b64b91cc ==============================
[0m19:01:01.939130 [info ] [MainThread]: Running with dbt=1.8.7
[0m19:01:01.940130 [debug] [MainThread]: running dbt with arguments {'printer_width': '80', 'indirect_selection': 'eager', 'write_json': 'True', 'log_cache_events': 'False', 'partial_parse': 'True', 'cache_selected_only': 'False', 'warn_error': 'None', 'fail_fast': 'False', 'debug': 'False', 'log_path': 'logs', 'profiles_dir': 'C:\\Users\\User\\.dbt', 'version_check': 'True', 'use_colors': 'True', 'use_experimental_parser': 'False', 'no_print': 'None', 'quiet': 'False', 'empty': 'None', 'warn_error_options': 'WarnErrorOptions(include=[], exclude=[])', 'introspect': 'True', 'log_format': 'default', 'invocation_command': 'dbt init healthcare_dbt_bigquery_data_pipeline', 'target_path': 'None', 'static_parser': 'True', 'send_anonymous_usage_stats': 'True'}
[0m19:01:01.981519 [debug] [MainThread]: Starter project path: C:\Users\User\Desktop\Projects\DBT-BigQuery-Healthcare-DataPipeline\dbt_bigquery_venv\lib\site-packages\dbt\include\starter_project
[0m19:01:02.069669 [info ] [MainThread]: 
Your new dbt project "healthcare_dbt_bigquery_data_pipeline" was created!

For more information on how to configure the profiles.yml file,
please consult the dbt documentation here:

  https://docs.getdbt.com/docs/configure-your-profile

One more thing:

Need help? Don't hesitate to reach out to us via GitHub issues or on Slack:

  https://community.getdbt.com/

Happy modeling!

[0m19:01:02.072684 [info ] [MainThread]: Setting up your profile.
[0m19:04:49.251621 [info ] [MainThread]: Profile healthcare_dbt_bigquery_data_pipeline written to C:\Users\User\.dbt\profiles.yml using target's profile_template.yml and your supplied values. Run 'dbt debug' to validate the connection.
[0m19:04:49.256614 [debug] [MainThread]: Command `dbt init` succeeded at 19:04:49.255617 after 227.41 seconds
[0m19:04:49.257624 [debug] [MainThread]: Sending event: {'category': 'dbt', 'action': 'invocation', 'label': 'end', 'context': [<snowplow_tracker.self_describing_json.SelfDescribingJson object at 0x0000024611A52FE0>, <snowplow_tracker.self_describing_json.SelfDescribingJson object at 0x0000024614446650>, <snowplow_tracker.self_describing_json.SelfDescribingJson object at 0x00000246143FDB70>]}
[0m19:04:49.257624 [debug] [MainThread]: Flushing usage events
[0m19:05:06.357294 [debug] [MainThread]: Sending event: {'category': 'dbt', 'action': 'invocation', 'label': 'start', 'context': [<snowplow_tracker.self_describing_json.SelfDescribingJson object at 0x0000015A2C1A2EF0>, <snowplow_tracker.self_describing_json.SelfDescribingJson object at 0x0000015A2EB4EE30>, <snowplow_tracker.self_describing_json.SelfDescribingJson object at 0x0000015A2EB4D6C0>]}


============================== 19:05:06.362294 | 3d0f1259-3f83-4bb4-b2d1-03841a46fc88 ==============================
[0m19:05:06.362294 [info ] [MainThread]: Running with dbt=1.8.7
[0m19:05:06.363294 [debug] [MainThread]: running dbt with arguments {'printer_width': '80', 'indirect_selection': 'eager', 'write_json': 'True', 'log_cache_events': 'False', 'partial_parse': 'True', 'cache_selected_only': 'False', 'profiles_dir': 'C:\\Users\\User\\.dbt', 'fail_fast': 'False', 'debug': 'False', 'log_path': 'logs', 'warn_error': 'None', 'version_check': 'True', 'use_colors': 'True', 'use_experimental_parser': 'False', 'no_print': 'None', 'quiet': 'False', 'empty': 'None', 'warn_error_options': 'WarnErrorOptions(include=[], exclude=[])', 'invocation_command': 'dbt debug', 'static_parser': 'True', 'log_format': 'default', 'target_path': 'None', 'introspect': 'True', 'send_anonymous_usage_stats': 'True'}
[0m19:05:06.398536 [info ] [MainThread]: dbt version: 1.8.7
[0m19:05:06.400600 [info ] [MainThread]: python version: 3.10.7
[0m19:05:06.400600 [info ] [MainThread]: python path: C:\Users\User\Desktop\Projects\DBT-BigQuery-Healthcare-DataPipeline\dbt_bigquery_venv\Scripts\python.exe
[0m19:05:06.402372 [info ] [MainThread]: os info: Windows-10-10.0.22631-SP0
[0m19:05:07.678809 [info ] [MainThread]: Error importing adapter: No module named 'dbt.adapters.redshift'
[0m19:05:07.680141 [info ] [MainThread]: Using profiles dir at C:\Users\User\.dbt
[0m19:05:07.681169 [info ] [MainThread]: Using profiles.yml file at C:\Users\User\.dbt\profiles.yml
[0m19:05:07.682152 [info ] [MainThread]: Using dbt_project.yml file at C:\Users\User\Desktop\Projects\DBT-BigQuery-Healthcare-DataPipeline\dbt_project.yml
[0m19:05:07.683193 [info ] [MainThread]: Configuration:
[0m19:05:07.684149 [info ] [MainThread]:   profiles.yml file [[31mERROR invalid[0m]
[0m19:05:07.685175 [info ] [MainThread]:   dbt_project.yml file [[31mERROR not found[0m]
[0m19:05:07.686148 [info ] [MainThread]: Required dependencies:
[0m19:05:07.687250 [debug] [MainThread]: Executing "git --help"
[0m19:05:07.725882 [debug] [MainThread]: STDOUT: "b"usage: git [-v | --version] [-h | --help] [-C <path>] [-c <name>=<value>]\n           [--exec-path[=<path>]] [--html-path] [--man-path] [--info-path]\n           [-p | --paginate | -P | --no-pager] [--no-replace-objects] [--bare]\n           [--git-dir=<path>] [--work-tree=<path>] [--namespace=<name>]\n           [--super-prefix=<path>] [--config-env=<name>=<envvar>]\n           <command> [<args>]\n\nThese are common Git commands used in various situations:\n\nstart a working area (see also: git help tutorial)\n   clone     Clone a repository into a new directory\n   init      Create an empty Git repository or reinitialize an existing one\n\nwork on the current change (see also: git help everyday)\n   add       Add file contents to the index\n   mv        Move or rename a file, a directory, or a symlink\n   restore   Restore working tree files\n   rm        Remove files from the working tree and from the index\n\nexamine the history and state (see also: git help revisions)\n   bisect    Use binary search to find the commit that introduced a bug\n   diff      Show changes between commits, commit and working tree, etc\n   grep      Print lines matching a pattern\n   log       Show commit logs\n   show      Show various types of objects\n   status    Show the working tree status\n\ngrow, mark and tweak your common history\n   branch    List, create, or delete branches\n   commit    Record changes to the repository\n   merge     Join two or more development histories together\n   rebase    Reapply commits on top of another base tip\n   reset     Reset current HEAD to the specified state\n   switch    Switch branches\n   tag       Create, list, delete or verify a tag object signed with GPG\n\ncollaborate (see also: git help workflows)\n   fetch     Download objects and refs from another repository\n   pull      Fetch from and integrate with another repository or a local branch\n   push      Update remote refs along with associated objects\n\n'git help -a' and 'git help -g' list available subcommands and some\nconcept guides. See 'git help <command>' or 'git help <concept>'\nto read about a specific subcommand or concept.\nSee 'git help git' for an overview of the system.\n""
[0m19:05:07.726877 [debug] [MainThread]: STDERR: "b''"
[0m19:05:07.726877 [info ] [MainThread]:  - git [[32mOK found[0m]

[0m19:05:07.728012 [info ] [MainThread]: Connection test skipped since no profile was found
[0m19:05:07.729020 [info ] [MainThread]: [31m2 checks failed:[0m
[0m19:05:07.730458 [info ] [MainThread]: Could not load dbt_project.yml
Profile loading failed for the following reason:
Runtime Error
  Credentials in profile "redshift_healthcare_data_project", target "dev" invalid: Runtime Error
    Could not find adapter type redshift!


[0m19:05:07.732587 [info ] [MainThread]: Project loading failed for the following reason:
 project path <C:\Users\User\Desktop\Projects\DBT-BigQuery-Healthcare-DataPipeline\dbt_project.yml> not found

[0m19:05:07.734635 [debug] [MainThread]: Command `dbt debug` failed at 19:05:07.734635 after 1.47 seconds
[0m19:05:07.735677 [debug] [MainThread]: Sending event: {'category': 'dbt', 'action': 'invocation', 'label': 'end', 'context': [<snowplow_tracker.self_describing_json.SelfDescribingJson object at 0x0000015A2C1A2EF0>, <snowplow_tracker.self_describing_json.SelfDescribingJson object at 0x0000015A2EB946D0>, <snowplow_tracker.self_describing_json.SelfDescribingJson object at 0x0000015A2AF26FB0>]}
[0m19:05:07.735677 [debug] [MainThread]: Flushing usage events
[0m19:07:11.582386 [debug] [MainThread]: Sending event: {'category': 'dbt', 'action': 'invocation', 'label': 'start', 'context': [<snowplow_tracker.self_describing_json.SelfDescribingJson object at 0x000001B4D1802F50>, <snowplow_tracker.self_describing_json.SelfDescribingJson object at 0x000001B4D41F87C0>, <snowplow_tracker.self_describing_json.SelfDescribingJson object at 0x000001B4D41ADD50>]}


============================== 19:07:11.589384 | 3e38bbd5-9912-4ffa-9397-04218599e3ee ==============================
[0m19:07:11.589384 [info ] [MainThread]: Running with dbt=1.8.7
[0m19:07:11.590435 [debug] [MainThread]: running dbt with arguments {'printer_width': '80', 'indirect_selection': 'eager', 'log_cache_events': 'False', 'write_json': 'True', 'partial_parse': 'True', 'cache_selected_only': 'False', 'warn_error': 'None', 'fail_fast': 'False', 'version_check': 'True', 'log_path': 'C:\\Users\\User\\Desktop\\Projects\\DBT-BigQuery-Healthcare-DataPipeline\\logs', 'profiles_dir': 'C:\\Users\\User\\.dbt', 'debug': 'False', 'use_colors': 'True', 'use_experimental_parser': 'False', 'no_print': 'None', 'quiet': 'False', 'empty': 'None', 'warn_error_options': 'WarnErrorOptions(include=[], exclude=[])', 'static_parser': 'True', 'introspect': 'True', 'log_format': 'default', 'target_path': 'None', 'invocation_command': 'dbt debug', 'send_anonymous_usage_stats': 'True'}
[0m19:07:11.628484 [info ] [MainThread]: dbt version: 1.8.7
[0m19:07:11.630491 [info ] [MainThread]: python version: 3.10.7
[0m19:07:11.631494 [info ] [MainThread]: python path: C:\Users\User\Desktop\Projects\DBT-BigQuery-Healthcare-DataPipeline\dbt_bigquery_venv\Scripts\python.exe
[0m19:07:11.633489 [info ] [MainThread]: os info: Windows-10-10.0.22631-SP0
[0m19:07:13.566294 [info ] [MainThread]: Using profiles dir at C:\Users\User\.dbt
[0m19:07:13.567289 [info ] [MainThread]: Using profiles.yml file at C:\Users\User\.dbt\profiles.yml
[0m19:07:13.568271 [info ] [MainThread]: Using dbt_project.yml file at C:\Users\User\Desktop\Projects\DBT-BigQuery-Healthcare-DataPipeline\dbt_project.yml
[0m19:07:13.569273 [info ] [MainThread]: adapter type: bigquery
[0m19:07:13.569976 [info ] [MainThread]: adapter version: 1.8.3
[0m19:07:13.659988 [info ] [MainThread]: Configuration:
[0m19:07:13.662015 [info ] [MainThread]:   profiles.yml file [[32mOK found and valid[0m]
[0m19:07:13.662985 [info ] [MainThread]:   dbt_project.yml file [[32mOK found and valid[0m]
[0m19:07:13.663983 [info ] [MainThread]: Required dependencies:
[0m19:07:13.664373 [debug] [MainThread]: Executing "git --help"
[0m19:07:13.699479 [debug] [MainThread]: STDOUT: "b"usage: git [-v | --version] [-h | --help] [-C <path>] [-c <name>=<value>]\n           [--exec-path[=<path>]] [--html-path] [--man-path] [--info-path]\n           [-p | --paginate | -P | --no-pager] [--no-replace-objects] [--bare]\n           [--git-dir=<path>] [--work-tree=<path>] [--namespace=<name>]\n           [--super-prefix=<path>] [--config-env=<name>=<envvar>]\n           <command> [<args>]\n\nThese are common Git commands used in various situations:\n\nstart a working area (see also: git help tutorial)\n   clone     Clone a repository into a new directory\n   init      Create an empty Git repository or reinitialize an existing one\n\nwork on the current change (see also: git help everyday)\n   add       Add file contents to the index\n   mv        Move or rename a file, a directory, or a symlink\n   restore   Restore working tree files\n   rm        Remove files from the working tree and from the index\n\nexamine the history and state (see also: git help revisions)\n   bisect    Use binary search to find the commit that introduced a bug\n   diff      Show changes between commits, commit and working tree, etc\n   grep      Print lines matching a pattern\n   log       Show commit logs\n   show      Show various types of objects\n   status    Show the working tree status\n\ngrow, mark and tweak your common history\n   branch    List, create, or delete branches\n   commit    Record changes to the repository\n   merge     Join two or more development histories together\n   rebase    Reapply commits on top of another base tip\n   reset     Reset current HEAD to the specified state\n   switch    Switch branches\n   tag       Create, list, delete or verify a tag object signed with GPG\n\ncollaborate (see also: git help workflows)\n   fetch     Download objects and refs from another repository\n   pull      Fetch from and integrate with another repository or a local branch\n   push      Update remote refs along with associated objects\n\n'git help -a' and 'git help -g' list available subcommands and some\nconcept guides. See 'git help <command>' or 'git help <concept>'\nto read about a specific subcommand or concept.\nSee 'git help git' for an overview of the system.\n""
[0m19:07:13.701475 [debug] [MainThread]: STDERR: "b''"
[0m19:07:13.702555 [info ] [MainThread]:  - git [[32mOK found[0m]

[0m19:07:13.704455 [info ] [MainThread]: Connection:
[0m19:07:13.705067 [info ] [MainThread]:   method: service-account
[0m19:07:13.705952 [info ] [MainThread]:   database: healthcare-data-project-442109
[0m19:07:13.706960 [info ] [MainThread]:   execution_project: healthcare-data-project-442109
[0m19:07:13.707958 [info ] [MainThread]:   schema: dev_healthcare_data
[0m19:07:13.708961 [info ] [MainThread]:   location: EU
[0m19:07:13.709965 [info ] [MainThread]:   priority: interactive
[0m19:07:13.711961 [info ] [MainThread]:   maximum_bytes_billed: None
[0m19:07:13.712965 [info ] [MainThread]:   impersonate_service_account: None
[0m19:07:13.715964 [info ] [MainThread]:   job_retry_deadline_seconds: None
[0m19:07:13.716963 [info ] [MainThread]:   job_retries: 1
[0m19:07:13.717961 [info ] [MainThread]:   job_creation_timeout_seconds: None
[0m19:07:13.718975 [info ] [MainThread]:   job_execution_timeout_seconds: 300
[0m19:07:13.719966 [info ] [MainThread]:   timeout_seconds: 300
[0m19:07:13.720963 [info ] [MainThread]:   client_id: None
[0m19:07:13.722968 [info ] [MainThread]:   token_uri: None
[0m19:07:13.722968 [info ] [MainThread]:   dataproc_region: None
[0m19:07:13.724063 [info ] [MainThread]:   dataproc_cluster_name: None
[0m19:07:13.724959 [info ] [MainThread]:   gcs_bucket: None
[0m19:07:13.724959 [info ] [MainThread]:   dataproc_batch: None
[0m19:07:13.725957 [info ] [MainThread]: Registered adapter: bigquery=1.8.3
[0m19:07:14.318939 [debug] [MainThread]: Acquiring new bigquery connection 'debug'
[0m19:07:14.319936 [debug] [MainThread]: Opening a new connection, currently in state init
[0m19:07:14.339011 [debug] [MainThread]: On debug: select 1 as id
[0m19:07:17.177614 [debug] [MainThread]: BigQuery adapter: https://console.cloud.google.com/bigquery?project=healthcare-data-project-442109&j=bq:EU:f0fb96ff-ce6a-486d-99ea-12b73f14983b&page=queryresults
[0m19:07:17.552111 [info ] [MainThread]:   Connection test: [[32mOK connection ok[0m]

[0m19:07:17.554026 [info ] [MainThread]: [32mAll checks passed![0m
[0m19:07:17.556113 [debug] [MainThread]: Command `dbt debug` succeeded at 19:07:17.556113 after 6.07 seconds
[0m19:07:17.557107 [debug] [MainThread]: Connection 'debug' was properly closed.
[0m19:07:17.558091 [debug] [MainThread]: Sending event: {'category': 'dbt', 'action': 'invocation', 'label': 'end', 'context': [<snowplow_tracker.self_describing_json.SelfDescribingJson object at 0x000001B4D1802F50>, <snowplow_tracker.self_describing_json.SelfDescribingJson object at 0x000001B4E4FA6E30>, <snowplow_tracker.self_describing_json.SelfDescribingJson object at 0x000001B4E4F384F0>]}
[0m19:07:17.559017 [debug] [MainThread]: Flushing usage events
